  stdafx.cpp
c1xx : warning C4199: C++/CLI、C++/CX 或 OpenMP 不支持两阶段名称查找；请使用 /Zc:twoPhase-
  camera.cpp
c1xx : warning C4199: C++/CLI、C++/CX 或 OpenMP 不支持两阶段名称查找；请使用 /Zc:twoPhase-
  drawmanage.cpp
c1xx : warning C4199: C++/CLI、C++/CX 或 OpenMP 不支持两阶段名称查找；请使用 /Zc:twoPhase-
e:\cpp_workspace\huaj\opengl-console\drawmanage.cpp(11): warning C4244: “参数”: 从“const GLuint64”转换到“const unsigned int”，可能丢失数据
  drawobject.cpp
c1xx : warning C4199: C++/CLI、C++/CX 或 OpenMP 不支持两阶段名称查找；请使用 /Zc:twoPhase-
  gl_window.cpp
c1xx : warning C4199: C++/CLI、C++/CX 或 OpenMP 不支持两阶段名称查找；请使用 /Zc:twoPhase-
  opengl_console.cpp
c1xx : warning C4199: C++/CLI、C++/CX 或 OpenMP 不支持两阶段名称查找；请使用 /Zc:twoPhase-
  quaternion.cpp
c1xx : warning C4199: C++/CLI、C++/CX 或 OpenMP 不支持两阶段名称查找；请使用 /Zc:twoPhase-
  singleton.cpp
c1xx : warning C4199: C++/CLI、C++/CX 或 OpenMP 不支持两阶段名称查找；请使用 /Zc:twoPhase-
  vector3.cpp
c1xx : warning C4199: C++/CLI、C++/CX 或 OpenMP 不支持两阶段名称查找；请使用 /Zc:twoPhase-
  正在生成代码...
  opengl-console.vcxproj -> E:\Cpp_Workspace\OpenglLearning\bin\opengl-console.exe
