e:\cpp_workspace\huaj\opengl-console\debug\vc141.pdb
e:\cpp_workspace\huaj\opengl-console\debug\vc141.idb
e:\cpp_workspace\huaj\opengl-console\debug\vector3.obj
e:\cpp_workspace\huaj\opengl-console\debug\singleton.obj
e:\cpp_workspace\huaj\opengl-console\debug\quaternion.obj
e:\cpp_workspace\huaj\opengl-console\debug\opengl_console.obj
e:\cpp_workspace\huaj\opengl-console\debug\gl_window.obj
e:\cpp_workspace\huaj\opengl-console\debug\drawobject.obj
e:\cpp_workspace\huaj\opengl-console\debug\drawmanage.obj
e:\cpp_workspace\huaj\opengl-console\debug\camera.obj
e:\cpp_workspace\huaj\opengl-console\debug\matrix4.obj
e:\cpp_workspace\huaj\opengl-console\debug\opengl-console.pch
e:\cpp_workspace\huaj\opengl-console\debug\stdafx.obj
e:\cpp_workspace\huaj\bin\opengl-console.pdb
e:\cpp_workspace\huaj\bin\opengl-console.exe
e:\cpp_workspace\huaj\bin\opengl-console.ilk
e:\cpp_workspace\huaj\opengl-console\debug\opengl-console.tlog\cl.command.1.tlog
e:\cpp_workspace\huaj\opengl-console\debug\opengl-console.tlog\cl.read.1.tlog
e:\cpp_workspace\huaj\opengl-console\debug\opengl-console.tlog\cl.write.1.tlog
e:\cpp_workspace\huaj\opengl-console\debug\opengl-console.tlog\link.command.1.tlog
e:\cpp_workspace\huaj\opengl-console\debug\opengl-console.tlog\link.read.1.tlog
e:\cpp_workspace\huaj\opengl-console\debug\opengl-console.tlog\link.write.1.tlog
